<?xml version="1.0" encoding="UTF-8" ?>
<beans 
	xmlns="http://www.springframework.org/schema/beans" 
	xmlns:xsi="http://www.w3.org/2001/XMLSchema-instance"
	xmlns:context="http://www.springframework.org/schema/context" 
	xmlns:p="http://www.springframework.org/schema/p"
	xsi:schemaLocation="http://www.springframework.org/schema/beans
	http://www.springframework.org/schema/beans/spring-beans-4.3.xsd
	http://www.springframework.org/schema/context 
	http://www.springframework.org/schema/context/spring-context-4.3.xsd">
	
	<!-- 扫描bean包 -->
	<context:component-scan base-package="com.vyd.base.redis" />
	
	<!-- 加载数据库配置文件 -->
	<context:property-placeholder location="classpath:test-redis.properties" ignore-unresolvable="true"/>
	
	<!-- redis数据源 -->
	<bean id="jedisPoolConfig" class="redis.clients.jedis.JedisPoolConfig" p:maxIdle="${redis.maxIdle}" 
		p:maxWaitMillis="${redis.maxWaitMillis}" p:maxTotal="${redis.maxTotal}" p:testOnBorrow="${redis.testOnBorrow}"/>
		
	<!-- spring data redis配置 -->
	<bean id="jedisConnectionFactory" class="org.springframework.data.redis.connection.jedis.JedisConnectionFactory" destroy-method="destroy"
		p:host-name="${redis.host}" p:port="${redis.port}" p:password="${redis.pwd}" p:timeout="${redis.timeout}" p:pool-config-ref="jedisPoolConfig"/>
	
	<bean id="stringRedisSerializer" class="org.springframework.data.redis.serializer.StringRedisSerializer"/>
	<bean id="genericJackson2JsonRedisSerializer" class="org.springframework.data.redis.serializer.GenericJackson2JsonRedisSerializer"/>
	
	<!-- redis template配置 -->
	<bean id="redisTemplate" class="org.springframework.data.redis.core.RedisTemplate"
		p:keySerializer-ref="stringRedisSerializer" p:valueSerializer-ref="genericJackson2JsonRedisSerializer" 
		p:connectionFactory-ref="jedisConnectionFactory" />	
</beans>